[18:22:05.953][info] [#0:/home/chad/.local/share/nvim/mason/packages/lua-language-server/libexec/main.lua:66]: Lua Lsp startup, root: 	/home/chad/.local/share/nvim/mason/packages/lua-language-server/libexec
[18:22:05.953][info] [#0:/home/chad/.local/share/nvim/mason/packages/lua-language-server/libexec/main.lua:67]: ROOT:	/home/chad/.local/share/nvim/mason/packages/lua-language-server/libexec
[18:22:05.953][info] [#0:/home/chad/.local/share/nvim/mason/packages/lua-language-server/libexec/main.lua:68]: LOGPATH:	/home/chad/.local/share/nvim/mason/packages/lua-language-server/libexec/log
[18:22:05.953][info] [#0:/home/chad/.local/share/nvim/mason/packages/lua-language-server/libexec/main.lua:69]: METAPATH:	/home/chad/.local/share/nvim/mason/packages/lua-language-server/libexec/meta
[18:22:05.953][info] [#0:/home/chad/.local/share/nvim/mason/packages/lua-language-server/libexec/main.lua:70]: VERSION:	3.6.25
[18:22:06.008][info] [#0:script/service/service.lua:144]: 
========= Medical Examination Report =========
    --------------- Memory ---------------
        Total: 2.134 MB
        # 00 : 2.134 MB
        # 01 : 0.000 MB
        # 02 : 0.000 MB
        # 03 : 0.000 MB
        # 04 : 0.000 MB
    --------------- Coroutine ---------------
        Total:     0
        Running:   0
        Suspended: 0
        Normal:    0
        Dead:      0
    --------------- Cache ---------------
        Total: 1
        Dead:  0
    ---------------  RPC  ---------------
        Holdon:   0
        Waiting:  0
==============================================
[18:22:06.030][info] [#0:script/client.lua:657]: Client init	{
  capabilities = {
    textDocument = {
      callHierarchy = {
        dynamicRegistration = false
      },
      codeAction = {
        codeActionLiteralSupport = {
          codeActionKind = {
            valueSet = { "", "quickfix", "refactor", "refactor.extract", "refactor.inline", "refactor.rewrite", "source", "source.organizeImports" }
          }
        },
        dataSupport = true,
        dynamicRegistration = false,
        isPreferredSupport = true,
        resolveSupport = {
          properties = { "edit" }
        }
      },
      completion = {
        completionItem = {
          commitCharactersSupport = true,
          deprecatedSupport = true,
          documentationFormat = { "markdown", "plaintext" },
          insertReplaceSupport = true,
          insertTextModeSupport = {
            valueSet = { 1, 2 }
          },
          labelDetailsSupport = true,
          preselectSupport = true,
          resolveSupport = {
            properties = { "documentation", "detail", "additionalTextEdits", "sortText", "filterText", "insertText", "textEdit", "insertTextFormat", "insertTextMode" }
          },
          snippetSupport = true,
          tagSupport = {
            valueSet = { 1 }
          }
        },
        completionItemKind = {
          valueSet = { 1, 2, 3, 4, 5, 6, 7, 8, 9, 10, 11, 12, 13, 14, 15, 16, 17, 18, 19, 20, 21, 22, 23, 24, 25 }
        },
        completionList = {
          itemDefaults = { "commitCharacters", "editRange", "insertTextFormat", "insertTextMode", "data" }
        },
        contextSupport = true,
        dynamicRegistration = false,
        insertTextMode = 1
      },
      declaration = {
        linkSupport = true
      },
      definition = {
        linkSupport = true
      },
      documentHighlight = {
        dynamicRegistration = false
      },
      documentSymbol = {
        dynamicRegistration = false,
        hierarchicalDocumentSymbolSupport = true,
        symbolKind = {
          valueSet = { 1, 2, 3, 4, 5, 6, 7, 8, 9, 10, 11, 12, 13, 14, 15, 16, 17, 18, 19, 20, 21, 22, 23, 24, 25, 26 }
        }
      },
      hover = {
        contentFormat = { "markdown", "plaintext" },
        dynamicRegistration = false
      },
      implementation = {
        linkSupport = true
      },
      publishDiagnostics = {
        relatedInformation = true,
        tagSupport = {
          valueSet = { 1, 2 }
        }
      },
      references = {
        dynamicRegistration = false
      },
      rename = {
        dynamicRegistration = false,
        prepareSupport = true
      },
      semanticTokens = {
        augmentsSyntaxTokens = true,
        dynamicRegistration = false,
        formats = { "relative" },
        multilineTokenSupport = false,
        overlappingTokenSupport = true,
        requests = {
          full = {
            delta = true
          },
          range = false
        },
        serverCancelSupport = false,
        tokenModifiers = { "declaration", "definition", "readonly", "static", "deprecated", "abstract", "async", "modification", "documentation", "defaultLibrary" },
        tokenTypes = { "namespace", "type", "class", "enum", "interface", "struct", "typeParameter", "parameter", "variable", "property", "enumMember", "event", "function", "method", "macro", "keyword", "modifier", "comment", "string", "number", "regexp", "operator", "decorator" }
      },
      signatureHelp = {
        dynamicRegistration = false,
        signatureInformation = {
          activeParameterSupport = true,
          documentationFormat = { "markdown", "plaintext" },
          parameterInformation = {
            labelOffsetSupport = true
          }
        }
      },
      synchronization = {
        didSave = true,
        dynamicRegistration = false,
        willSave = true,
        willSaveWaitUntil = true
      },
      typeDefinition = {
        linkSupport = true
      }
    },
    window = {
      showDocument = {
        support = true
      },
      showMessage = {
        messageActionItem = {
          additionalPropertiesSupport = false
        }
      },
      workDoneProgress = true
    },
    workspace = {
      applyEdit = true,
      configuration = true,
      didChangeWatchedFiles = {
        dynamicRegistration = false,
        relativePatternSupport = true
      },
      semanticTokens = {
        refreshSupport = true
      },
      symbol = {
        dynamicRegistration = false,
        hierarchicalWorkspaceSymbolSupport = true,
        symbolKind = {
          valueSet = { 1, 2, 3, 4, 5, 6, 7, 8, 9, 10, 11, 12, 13, 14, 15, 16, 17, 18, 19, 20, 21, 22, 23, 24, 25, 26 }
        }
      },
      workspaceEdit = {
        resourceOperations = { "rename", "create", "delete" }
      },
      workspaceFolders = true
    }
  },
  clientInfo = {
    name = "Neovim",
    version = "0.9.2"
  },
  initializationOptions = {},
  processId = 5970,
  rootPath = "/home/chad/.config/nvim/lua/",
  rootUri = "file:///home/chad/.config/nvim/lua/",
  trace = "off",
  workspaceFolders = { {
      name = "/home/chad/.config/nvim/lua/",
      uri = "file:///home/chad/.config/nvim/lua/"
    } }
}
[18:22:06.030][info] [#0:script/language.lua:137]: VSC language: nil
[18:22:06.030][info] [#0:script/language.lua:138]: LS  language: en-us
[18:22:06.030][info] [#0:script/workspace/workspace.lua:38]: Workspace init root: 	file:///home/chad/.config/nvim/lua/
[18:22:06.030][info] [#0:script/workspace/workspace.lua:42]: Log path: 	/home/chad/.local/share/nvim/mason/packages/lua-language-server/libexec/log/file_home_chad_.config_nvim_lua_.log
[18:22:06.032][info] [#0:script/workspace/workspace.lua:48]: Workspace create: 	file:///home/chad/.config/nvim/lua/
[18:22:06.137][info] [#0:script/provider/provider.lua:46]: Load config from client	file:///home/chad/.config/nvim/lua/
[18:22:06.137][info] [#0:script/provider/provider.lua:47]: {
  Lua = {
    telemetry = {
      enable = false
    }
  }
}
[18:22:06.137][info] [#0:script/provider/provider.lua:46]: Load config from client	file:///home/chad/.config/nvim/lua/
[18:22:06.137][info] [#0:script/provider/provider.lua:47]: {
  Lua = {
    telemetry = {
      enable = false
    }
  }
}
[18:22:06.138][info] [#0:script/provider/provider.lua:46]: Load config from client	file:///home/chad/.config/nvim/lua/
[18:22:06.138][info] [#0:script/provider/provider.lua:47]: {
  Lua = {
    telemetry = {
      enable = false
    }
  }
}
[18:22:06.239][info] [#0:script/provider/provider.lua:61]: Load config from client	fallback
[18:22:06.239][info] [#0:script/provider/provider.lua:62]: {
  Lua = {
    telemetry = {
      enable = false
    }
  }
}
[18:22:06.239][info] [#0:script/provider/provider.lua:61]: Load config from client	fallback
[18:22:06.239][info] [#0:script/provider/provider.lua:62]: {
  Lua = {
    telemetry = {
      enable = false
    }
  }
}
[18:22:06.239][info] [#0:script/provider/provider.lua:61]: Load config from client	fallback
[18:22:06.239][info] [#0:script/provider/provider.lua:62]: {
  Lua = {
    telemetry = {
      enable = false
    }
  }
}
[18:22:06.340][info] [#0:script/library.lua:212]: Init builtin library at:	file:///home/chad/.config/nvim/lua/
[18:22:06.397][info] [#0:script/plugin.lua:86]: plugin path:	/home/chad/.config/nvim/lua
[18:22:06.397][warn] [#0:script/plugin.lua:101]: plugin not found:	/home/chad/.config/nvim/lua
[18:22:06.397][info] [#0:script/library.lua:212]: Init builtin library at:	nil
[18:22:06.525][info] [#0:script/workspace/workspace.lua:322]: Preload start:	file:///home/chad/.config/nvim/lua/
[18:22:06.531][info] [#0:script/workspace/workspace.lua:328]: Scan files at:	file:///home/chad/.config/nvim/lua/
[18:22:06.532][info] [#0:script/workspace/workspace.lua:322]: Preload start:	<fallback>
[18:22:06.537][info] [#0:script/workspace/workspace.lua:351]: Scan library at:	file:///home/chad/.local/share/nvim/mason/packages/lua-language-server/libexec/meta/Lua%205.4%20en-us%20utf8/package.lua
[18:22:06.539][info] [#0:script/workspace/workspace.lua:351]: Scan library at:	file:///home/chad/.local/share/nvim/mason/packages/lua-language-server/libexec/meta/Lua%205.4%20en-us%20utf8/debug.lua
[18:22:06.539][info] [#0:script/workspace/workspace.lua:351]: Scan library at:	file:///home/chad/.local/share/nvim/mason/packages/lua-language-server/libexec/meta/Lua%205.4%20en-us%20utf8/table.lua
[18:22:06.539][info] [#0:script/workspace/workspace.lua:351]: Scan library at:	file:///home/chad/.local/share/nvim/mason/packages/lua-language-server/libexec/meta/Lua%205.4%20en-us%20utf8/utf8.lua
[18:22:06.539][info] [#0:script/workspace/workspace.lua:351]: Scan library at:	file:///home/chad/.local/share/nvim/mason/packages/lua-language-server/libexec/meta/Lua%205.4%20en-us%20utf8/coroutine.lua
[18:22:06.540][info] [#0:script/workspace/workspace.lua:351]: Scan library at:	file:///home/chad/.local/share/nvim/mason/packages/lua-language-server/libexec/meta/Lua%205.4%20en-us%20utf8/math.lua
[18:22:06.540][info] [#0:script/workspace/workspace.lua:351]: Scan library at:	file:///home/chad/.local/share/nvim/mason/packages/lua-language-server/libexec/meta/Lua%205.4%20en-us%20utf8/builtin.lua
[18:22:06.540][info] [#0:script/workspace/workspace.lua:351]: Scan library at:	file:///home/chad/.local/share/nvim/mason/packages/lua-language-server/libexec/meta/Lua%205.4%20en-us%20utf8/string.lua
[18:22:06.540][info] [#0:script/workspace/workspace.lua:351]: Scan library at:	file:///home/chad/.local/share/nvim/mason/packages/lua-language-server/libexec/meta/Lua%205.4%20en-us%20utf8/io.lua
[18:22:06.541][info] [#0:script/workspace/workspace.lua:351]: Scan library at:	file:///home/chad/.local/share/nvim/mason/packages/lua-language-server/libexec/meta/Lua%205.4%20en-us%20utf8/basic.lua
[18:22:06.541][info] [#0:script/workspace/workspace.lua:351]: Scan library at:	file:///home/chad/.local/share/nvim/mason/packages/lua-language-server/libexec/meta/Lua%205.4%20en-us%20utf8/os.lua
[18:22:06.544][info] [#0:script/workspace/workspace.lua:351]: Scan library at:	file:///home/chad/.local/share/nvim/mason/packages/lua-language-server/libexec/meta/Lua%205.4%20en-us%20utf8/package.lua
[18:22:06.544][info] [#0:script/workspace/workspace.lua:351]: Scan library at:	file:///home/chad/.local/share/nvim/mason/packages/lua-language-server/libexec/meta/Lua%205.4%20en-us%20utf8/debug.lua
[18:22:06.544][info] [#0:script/workspace/workspace.lua:351]: Scan library at:	file:///home/chad/.local/share/nvim/mason/packages/lua-language-server/libexec/meta/Lua%205.4%20en-us%20utf8/table.lua
[18:22:06.544][info] [#0:script/workspace/workspace.lua:351]: Scan library at:	file:///home/chad/.local/share/nvim/mason/packages/lua-language-server/libexec/meta/Lua%205.4%20en-us%20utf8/utf8.lua
[18:22:06.545][info] [#0:script/workspace/workspace.lua:351]: Scan library at:	file:///home/chad/.local/share/nvim/mason/packages/lua-language-server/libexec/meta/Lua%205.4%20en-us%20utf8/coroutine.lua
[18:22:06.545][info] [#0:script/workspace/workspace.lua:351]: Scan library at:	file:///home/chad/.local/share/nvim/mason/packages/lua-language-server/libexec/meta/Lua%205.4%20en-us%20utf8/math.lua
[18:22:06.545][info] [#0:script/workspace/workspace.lua:351]: Scan library at:	file:///home/chad/.local/share/nvim/mason/packages/lua-language-server/libexec/meta/Lua%205.4%20en-us%20utf8/builtin.lua
[18:22:06.545][info] [#0:script/workspace/workspace.lua:351]: Scan library at:	file:///home/chad/.local/share/nvim/mason/packages/lua-language-server/libexec/meta/Lua%205.4%20en-us%20utf8/string.lua
[18:22:06.545][info] [#0:script/workspace/workspace.lua:351]: Scan library at:	file:///home/chad/.local/share/nvim/mason/packages/lua-language-server/libexec/meta/Lua%205.4%20en-us%20utf8/io.lua
[18:22:06.546][info] [#0:script/workspace/workspace.lua:351]: Scan library at:	file:///home/chad/.local/share/nvim/mason/packages/lua-language-server/libexec/meta/Lua%205.4%20en-us%20utf8/basic.lua
[18:22:06.546][info] [#0:script/workspace/workspace.lua:351]: Scan library at:	file:///home/chad/.local/share/nvim/mason/packages/lua-language-server/libexec/meta/Lua%205.4%20en-us%20utf8/os.lua
[18:22:06.647][info] [#0:script/workspace/workspace.lua:377]: Found 11 files at:	<fallback>
[18:22:06.647][info] [#0:script/workspace/loading.lua:161]: Load files from disk:	<fallback>
[18:22:06.648][info] [#0:script/workspace/workspace.lua:377]: Found 42 files at:	file:///home/chad/.config/nvim/lua/
[18:22:06.648][info] [#0:script/workspace/loading.lua:161]: Load files from disk:	file:///home/chad/.config/nvim/lua/
[18:22:06.649][info] [#0:script/workspace/loading.lua:101]: Preload file at: file:///home/chad/.local/share/nvim/mason/packages/lua-language-server/libexec/meta/Lua%205.4%20en-us%20utf8/os.lua , size = 4.347 KB
[18:22:06.658][info] [#0:script/workspace/loading.lua:113]: ++++As library of:	file:///home/chad/.local/share/nvim/mason/packages/lua-language-server/libexec/meta/Lua%205.4%20en-us%20utf8/os.lua
[18:22:06.658][info] [#0:script/workspace/loading.lua:98]: Skip loaded file: file:///home/chad/.local/share/nvim/mason/packages/lua-language-server/libexec/meta/Lua%205.4%20en-us%20utf8/os.lua
[18:22:06.659][info] [#0:script/workspace/loading.lua:101]: Preload file at: file:///home/chad/.local/share/nvim/mason/packages/lua-language-server/libexec/meta/Lua%205.4%20en-us%20utf8/basic.lua , size = 15.185 KB
[18:22:06.696][info] [#0:script/workspace/loading.lua:113]: ++++As library of:	file:///home/chad/.local/share/nvim/mason/packages/lua-language-server/libexec/meta/Lua%205.4%20en-us%20utf8/basic.lua
[18:22:06.696][info] [#0:script/workspace/loading.lua:89]: Skip loaded file: file:///home/chad/.local/share/nvim/mason/packages/lua-language-server/libexec/meta/Lua%205.4%20en-us%20utf8/basic.lua
[18:22:06.696][info] [#0:script/workspace/loading.lua:113]: ++++As library of:	file:///home/chad/.local/share/nvim/mason/packages/lua-language-server/libexec/meta/Lua%205.4%20en-us%20utf8/basic.lua
[18:22:06.696][info] [#0:script/workspace/loading.lua:101]: Preload file at: file:///home/chad/.local/share/nvim/mason/packages/lua-language-server/libexec/meta/Lua%205.4%20en-us%20utf8/io.lua , size = 6.364 KB
[18:22:06.714][info] [#0:script/workspace/loading.lua:113]: ++++As library of:	file:///home/chad/.local/share/nvim/mason/packages/lua-language-server/libexec/meta/Lua%205.4%20en-us%20utf8/io.lua
[18:22:06.714][info] [#0:script/workspace/loading.lua:98]: Skip loaded file: file:///home/chad/.local/share/nvim/mason/packages/lua-language-server/libexec/meta/Lua%205.4%20en-us%20utf8/io.lua
[18:22:06.714][info] [#0:script/workspace/loading.lua:101]: Preload file at: file:///home/chad/.local/share/nvim/mason/packages/lua-language-server/libexec/meta/Lua%205.4%20en-us%20utf8/string.lua , size = 6.313 KB
[18:22:06.726][info] [#0:script/workspace/loading.lua:113]: ++++As library of:	file:///home/chad/.local/share/nvim/mason/packages/lua-language-server/libexec/meta/Lua%205.4%20en-us%20utf8/string.lua
[18:22:06.726][info] [#0:script/workspace/loading.lua:98]: Skip loaded file: file:///home/chad/.local/share/nvim/mason/packages/lua-language-server/libexec/meta/Lua%205.4%20en-us%20utf8/string.lua
[18:22:06.726][info] [#0:script/workspace/loading.lua:101]: Preload file at: file:///home/chad/.local/share/nvim/mason/packages/lua-language-server/libexec/meta/Lua%205.4%20en-us%20utf8/builtin.lua , size = 0.302 KB
[18:22:06.729][info] [#0:script/workspace/loading.lua:113]: ++++As library of:	file:///home/chad/.local/share/nvim/mason/packages/lua-language-server/libexec/meta/Lua%205.4%20en-us%20utf8/builtin.lua
[18:22:06.729][info] [#0:script/workspace/loading.lua:89]: Skip loaded file: file:///home/chad/.local/share/nvim/mason/packages/lua-language-server/libexec/meta/Lua%205.4%20en-us%20utf8/builtin.lua
[18:22:06.729][info] [#0:script/workspace/loading.lua:113]: ++++As library of:	file:///home/chad/.local/share/nvim/mason/packages/lua-language-server/libexec/meta/Lua%205.4%20en-us%20utf8/builtin.lua
[18:22:06.729][info] [#0:script/workspace/loading.lua:101]: Preload file at: file:///home/chad/.local/share/nvim/mason/packages/lua-language-server/libexec/meta/Lua%205.4%20en-us%20utf8/math.lua , size = 8.731 KB
[18:22:06.753][info] [#0:script/workspace/loading.lua:113]: ++++As library of:	file:///home/chad/.local/share/nvim/mason/packages/lua-language-server/libexec/meta/Lua%205.4%20en-us%20utf8/math.lua
[18:22:06.753][info] [#0:script/workspace/loading.lua:101]: Preload file at: file:///home/chad/.local/share/nvim/mason/packages/lua-language-server/libexec/meta/Lua%205.4%20en-us%20utf8/coroutine.lua , size = 2.590 KB
[18:22:06.758][info] [#0:script/workspace/loading.lua:113]: ++++As library of:	file:///home/chad/.local/share/nvim/mason/packages/lua-language-server/libexec/meta/Lua%205.4%20en-us%20utf8/coroutine.lua
[18:22:06.758][info] [#0:script/workspace/loading.lua:98]: Skip loaded file: file:///home/chad/.local/share/nvim/mason/packages/lua-language-server/libexec/meta/Lua%205.4%20en-us%20utf8/coroutine.lua
[18:22:06.758][info] [#0:script/workspace/loading.lua:101]: Preload file at: file:///home/chad/.local/share/nvim/mason/packages/lua-language-server/libexec/meta/Lua%205.4%20en-us%20utf8/utf8.lua , size = 2.386 KB
[18:22:06.764][info] [#0:script/workspace/loading.lua:113]: ++++As library of:	file:///home/chad/.local/share/nvim/mason/packages/lua-language-server/libexec/meta/Lua%205.4%20en-us%20utf8/utf8.lua
[18:22:06.764][info] [#0:script/workspace/loading.lua:98]: Skip loaded file: file:///home/chad/.local/share/nvim/mason/packages/lua-language-server/libexec/meta/Lua%205.4%20en-us%20utf8/utf8.lua
[18:22:06.764][info] [#0:script/workspace/loading.lua:101]: Preload file at: file:///home/chad/.local/share/nvim/mason/packages/lua-language-server/libexec/meta/Lua%205.4%20en-us%20utf8/table.lua , size = 4.230 KB
[18:22:06.773][info] [#0:script/workspace/loading.lua:113]: ++++As library of:	file:///home/chad/.local/share/nvim/mason/packages/lua-language-server/libexec/meta/Lua%205.4%20en-us%20utf8/table.lua
[18:22:06.773][info] [#0:script/workspace/loading.lua:98]: Skip loaded file: file:///home/chad/.local/share/nvim/mason/packages/lua-language-server/libexec/meta/Lua%205.4%20en-us%20utf8/table.lua
[18:22:06.773][info] [#0:script/workspace/loading.lua:101]: Preload file at: file:///home/chad/.local/share/nvim/mason/packages/lua-language-server/libexec/meta/Lua%205.4%20en-us%20utf8/debug.lua , size = 7.637 KB
[18:22:06.788][info] [#0:script/workspace/loading.lua:113]: ++++As library of:	file:///home/chad/.local/share/nvim/mason/packages/lua-language-server/libexec/meta/Lua%205.4%20en-us%20utf8/debug.lua
[18:22:06.788][info] [#0:script/workspace/loading.lua:98]: Skip loaded file: file:///home/chad/.local/share/nvim/mason/packages/lua-language-server/libexec/meta/Lua%205.4%20en-us%20utf8/debug.lua
[18:22:06.788][info] [#0:script/workspace/loading.lua:98]: Skip loaded file: file:///home/chad/.local/share/nvim/mason/packages/lua-language-server/libexec/meta/Lua%205.4%20en-us%20utf8/math.lua
[18:22:06.788][info] [#0:script/workspace/loading.lua:89]: Skip loaded file: file:///home/chad/.config/nvim/lua/config/keymaps.lua
[18:22:06.788][info] [#0:script/workspace/loading.lua:101]: Preload file at: file:///home/chad/.local/share/nvim/mason/packages/lua-language-server/libexec/meta/Lua%205.4%20en-us%20utf8/package.lua , size = 2.944 KB
[18:22:06.794][info] [#0:script/workspace/loading.lua:113]: ++++As library of:	file:///home/chad/.local/share/nvim/mason/packages/lua-language-server/libexec/meta/Lua%205.4%20en-us%20utf8/package.lua
[18:22:06.795][info] [#0:script/workspace/loading.lua:98]: Skip loaded file: file:///home/chad/.local/share/nvim/mason/packages/lua-language-server/libexec/meta/Lua%205.4%20en-us%20utf8/package.lua
[18:22:06.795][info] [#0:script/workspace/loading.lua:101]: Preload file at: file:///home/chad/.config/nvim/lua/config/lazy.lua , size = 5.166 KB
[18:22:06.801][info] [#0:script/workspace/loading.lua:101]: Preload file at: file:///home/chad/.config/nvim/lua/config/autocommands.lua , size = 0.519 KB
[18:22:06.815][info] [#0:script/workspace/loading.lua:101]: Preload file at: file:///home/chad/.config/nvim/lua/config/options.lua , size = 2.804 KB
[18:22:06.820][info] [#0:script/workspace/loading.lua:101]: Preload file at: file:///home/chad/.config/nvim/lua/plugins/ui.lua , size = 0.740 KB
[18:22:06.821][info] [#0:script/workspace/loading.lua:101]: Preload file at: file:///home/chad/.config/nvim/lua/plugins/colorscheme.lua , size = 1.112 KB
[18:22:06.823][info] [#0:script/workspace/loading.lua:101]: Preload file at: file:///home/chad/.config/nvim/lua/plugins/telescope.lua , size = 0.302 KB
[18:22:06.824][info] [#0:script/workspace/loading.lua:101]: Preload file at: file:///home/chad/.config/nvim/lua/plugins/vimwiki.lua , size = 0.034 KB
[18:22:06.825][info] [#0:script/workspace/loading.lua:101]: Preload file at: file:///home/chad/.config/nvim/lua/plugins/which-key.lua , size = 2.169 KB
[18:22:06.828][info] [#0:script/workspace/loading.lua:101]: Preload file at: file:///home/chad/.config/nvim/lua/plugins/lsp/lsp-utils.lua , size = 2.306 KB
[18:22:06.834][info] [#0:script/workspace/loading.lua:101]: Preload file at: file:///home/chad/.config/nvim/lua/plugins/lsp/init.lua , size = 2.868 KB
[18:22:06.836][info] [#0:script/workspace/loading.lua:101]: Preload file at: file:///home/chad/.config/nvim/lua/plugins/todo-comments.lua , size = 0.609 KB
[18:22:06.838][info] [#0:script/workspace/loading.lua:101]: Preload file at: file:///home/chad/.config/nvim/lua/plugins/trouble.lua , size = 0.622 KB
[18:22:06.839][info] [#0:script/workspace/loading.lua:101]: Preload file at: file:///home/chad/.config/nvim/lua/plugins/lualine.lua , size = 1.763 KB
[18:22:06.841][info] [#0:script/workspace/loading.lua:101]: Preload file at: file:///home/chad/.config/nvim/lua/plugins/comment.lua , size = 0.109 KB
[18:22:06.842][info] [#0:script/workspace/loading.lua:101]: Preload file at: file:///home/chad/.config/nvim/lua/plugins/nvim-tree.lua , size = 0.210 KB
[18:22:06.842][info] [#0:script/workspace/loading.lua:101]: Preload file at: file:///home/chad/.config/nvim/lua/plugins/mason.lua , size = 0.802 KB
[18:22:06.844][info] [#0:script/workspace/loading.lua:101]: Preload file at: file:///home/chad/.config/nvim/lua/plugins/flutter-tools.lua , size = 0.227 KB
[18:22:06.844][info] [#0:script/workspace/loading.lua:101]: Preload file at: file:///home/chad/.config/nvim/lua/plugins/util.lua , size = 0.601 KB
[18:22:06.846][info] [#0:script/workspace/loading.lua:101]: Preload file at: file:///home/chad/.config/nvim/lua/plugins/bufferline.lua , size = 0.469 KB
[18:22:06.847][info] [#0:script/workspace/loading.lua:101]: Preload file at: file:///home/chad/.config/nvim/lua/plugins/Git.lua , size = 0.034 KB
[18:22:06.847][info] [#0:script/workspace/loading.lua:101]: Preload file at: file:///home/chad/.config/nvim/lua/plugins/colorizer.lua , size = 0.130 KB
[18:22:06.848][info] [#0:script/workspace/loading.lua:101]: Preload file at: file:///home/chad/.config/nvim/lua/plugins/lint.lua , size = 0.011 KB
[18:22:06.849][info] [#0:script/workspace/loading.lua:101]: Preload file at: file:///home/chad/.config/nvim/lua/plugins/cmp.lua , size = 4.897 KB
[18:22:06.856][info] [#0:script/workspace/loading.lua:101]: Preload file at: file:///home/chad/.config/nvim/lua/plugins/barbecue.lua , size = 1.500 KB
[18:22:06.859][info] [#0:script/workspace/loading.lua:101]: Preload file at: file:///home/chad/.config/nvim/lua/plugins/toggleterm.lua , size = 0.635 KB
[18:22:06.860][info] [#0:script/workspace/loading.lua:101]: Preload file at: file:///home/chad/.config/nvim/lua/plugins/indent-guides.lua , size = 0.896 KB
[18:22:06.862][info] [#0:script/workspace/loading.lua:101]: Preload file at: file:///home/chad/.config/nvim/lua/plugins/gitsigns.lua , size = 1.172 KB
[18:22:06.863][info] [#0:script/workspace/loading.lua:101]: Preload file at: file:///home/chad/.config/nvim/lua/plugins/alpha.lua , size = 2.754 KB
[18:22:06.867][info] [#0:script/workspace/loading.lua:101]: Preload file at: file:///home/chad/.config/nvim/lua/plugins/treesitter.lua , size = 0.806 KB
[18:22:06.969][info] [#0:script/workspace/loading.lua:173]: Loaded files takes [0.212] sec: <fallback>
[18:22:06.969][info] [#0:script/workspace/loading.lua:182]: Compile files takes [0.000] sec: <fallback>
[18:22:06.969][info] [#0:script/workspace/loading.lua:183]: Loaded finish:	<fallback>
[18:22:06.969][info] [#0:script/workspace/workspace.lua:379]: Preload finish at:	<fallback>
[18:22:06.984][info] [#0:script/workspace/loading.lua:101]: Preload file at: file:///home/chad/.config/nvim/lua/utils/init.lua , size = 3.058 KB
[18:22:07.093][info] [#0:script/workspace/loading.lua:173]: Loaded files takes [0.231] sec: file:///home/chad/.config/nvim/lua/
[18:22:07.093][info] [#0:script/workspace/loading.lua:182]: Compile files takes [0.000] sec: file:///home/chad/.config/nvim/lua/
[18:22:07.093][info] [#0:script/workspace/loading.lua:183]: Loaded finish:	file:///home/chad/.config/nvim/lua/
[18:22:07.093][info] [#0:script/workspace/workspace.lua:379]: Preload finish at:	file:///home/chad/.config/nvim/lua/
[18:22:07.141][info] [#0:script/provider/diagnostic.lua:557]: Diagnostics scope [file:///home/chad/.config/nvim/lua/], files count:[42]
[18:22:07.312][warn] [#0:script/proto/proto.lua:187]: Method [textDocument/documentSymbol] takes [0.518]sec. {
  id = 2,
  jsonrpc = "2.0",
  method = "textDocument/documentSymbol",
  params = {
    textDocument = {
      uri = "file:///home/chad/.config/nvim/lua/config/keymaps.lua"
    }
  }
}
[18:22:07.639][info] [#0:script/provider/diagnostic.lua:574]: Diagnostics scope [file:///home/chad/.config/nvim/lua/] finished, takes [0.445] sec.
[18:22:21.156][info] [#0:script/provider/provider.lua:169]: Server shutdown.
[18:22:21.156][warn] [#0:script/pub/report.lua:25]: Load proto error:	Disconnected!
